<?xml version="1.0" encoding="UTF-8"?>
<!-- Generated by org.testng.reporters.JUnitXMLReporter -->
<testsuite hostname="STUDENT14" ignored="0" name="Default test" tests="6" failures="0" timestamp="11 Jan 2018 10:00:43 GMT" time="40.649" errors="0">
  <testcase name="openChrome" time="11.717" classname="test.test.QaTools"/>
  <testcase name="draggable" time="4.994" classname="test.test.QaTools"/>
  <testcase name="droppabe" time="4.964" classname="test.test.QaTools"/>
  <testcase name="resizable" time="5.041" classname="test.test.QaTools"/>
  <testcase name="selectable" time="5.009" classname="test.test.QaTools"/>
  <testcase name="sortable" time="8.888" classname="test.test.QaTools"/>
</testsuite> <!-- Default test -->
