<?xml version="1.0" encoding="UTF-8"?>
<testng-results skipped="0" failed="0" ignored="0" total="6" passed="6">
  <reporter-output>
  </reporter-output>
  <suite name="Default suite" duration-ms="40649" started-at="2018-01-11T10:00:02Z" finished-at="2018-01-11T10:00:43Z">
    <groups>
    </groups>
    <test name="Default test" duration-ms="40649" started-at="2018-01-11T10:00:02Z" finished-at="2018-01-11T10:00:43Z">
      <class name="test.test.QaTools">
        <test-method status="PASS" signature="openChrome()[pri:1, instance:test.test.QaTools@70ed52de]" name="openChrome" duration-ms="11717" started-at="2018-01-11T10:00:02Z" finished-at="2018-01-11T10:00:14Z">
          <reporter-output>
          </reporter-output>
        </test-method> <!-- openChrome -->
        <test-method status="PASS" signature="draggable()[pri:2, instance:test.test.QaTools@70ed52de]" name="draggable" duration-ms="4994" started-at="2018-01-11T10:00:14Z" finished-at="2018-01-11T10:00:19Z">
          <reporter-output>
          </reporter-output>
        </test-method> <!-- draggable -->
        <test-method status="PASS" signature="droppabe()[pri:3, instance:test.test.QaTools@70ed52de]" name="droppabe" duration-ms="4964" started-at="2018-01-11T10:00:19Z" finished-at="2018-01-11T10:00:24Z">
          <reporter-output>
          </reporter-output>
        </test-method> <!-- droppabe -->
        <test-method status="PASS" signature="resizable()[pri:4, instance:test.test.QaTools@70ed52de]" name="resizable" duration-ms="5041" started-at="2018-01-11T10:00:24Z" finished-at="2018-01-11T10:00:29Z">
          <reporter-output>
          </reporter-output>
        </test-method> <!-- resizable -->
        <test-method status="PASS" signature="selectable()[pri:5, instance:test.test.QaTools@70ed52de]" name="selectable" duration-ms="5009" started-at="2018-01-11T10:00:29Z" finished-at="2018-01-11T10:00:34Z">
          <reporter-output>
          </reporter-output>
        </test-method> <!-- selectable -->
        <test-method status="PASS" signature="sortable()[pri:5, instance:test.test.QaTools@70ed52de]" name="sortable" duration-ms="8888" started-at="2018-01-11T10:00:34Z" finished-at="2018-01-11T10:00:43Z">
          <reporter-output>
          </reporter-output>
        </test-method> <!-- sortable -->
      </class> <!-- test.test.QaTools -->
    </test> <!-- Default test -->
  </suite> <!-- Default suite -->
</testng-results>
